/usr/bin/java
Max number of open files: 1024
Using ARTIFACTORY_HOME: /var/opt/jfrog/artifactory
Using ARTIFACTORY_PID: /var/opt/jfrog/run/artifactory.pid
Aug 21, 2018 8:57:34 PM org.apache.coyote.AbstractProtocol init
INFO: Initializing ProtocolHandler ["http-nio-8081"]
Aug 21, 2018 8:57:34 PM org.apache.tomcat.util.net.NioSelectorPool getSharedSelector
INFO: Using a shared selector for servlet write/read
Aug 21, 2018 8:57:34 PM org.apache.coyote.AbstractProtocol init
INFO: Initializing ProtocolHandler ["http-nio-8040"]
Aug 21, 2018 8:57:34 PM org.apache.tomcat.util.net.NioSelectorPool getSharedSelector
INFO: Using a shared selector for servlet write/read
Aug 21, 2018 8:57:34 PM org.apache.coyote.AbstractProtocol init
INFO: Initializing ProtocolHandler ["ajp-nio-8019"]
Aug 21, 2018 8:57:34 PM org.apache.tomcat.util.net.NioSelectorPool getSharedSelector
INFO: Using a shared selector for servlet write/read
Aug 21, 2018 8:57:34 PM org.apache.catalina.core.StandardService startInternal
INFO: Starting service [Catalina]
Aug 21, 2018 8:57:34 PM org.apache.catalina.core.StandardEngine startInternal
INFO: Starting Servlet Engine: Apache Tomcat/8.5.32
Aug 21, 2018 8:57:34 PM org.apache.catalina.startup.HostConfig deployDescriptor
INFO: Deploying configuration descriptor [/opt/jfrog/artifactory/tomcat/conf/Catalina/localhost/access.xml]
Aug 21, 2018 8:57:34 PM org.apache.catalina.startup.HostConfig deployDescriptor
INFO: Deploying configuration descriptor [/opt/jfrog/artifactory/tomcat/conf/Catalina/localhost/artifactory.xml]
2018-08-21 20:57:35 [UNDEFINED] [INFO ] Fetched Artifactory [artifactory.home=null] from servlet context
2018-08-21 20:57:36 [UNDEFINED] [INFO ] Resolved Artifactory home by logger [artifactory.home=/var/opt/jfrog/artifactory].
20:57:36.344 [localhost-startStop-2] DEBUG org.artifactory.converter.VersionProviderImpl - Last Artifactory database version is: v620
20:57:36.440 [localhost-startStop-2] INFO org.artifactory.converter.ConvertersManagerImpl - Triggering PRE_INIT conversion, from v620 to v620
20:57:36.440 [localhost-startStop-2] INFO org.artifactory.converter.ConvertersManagerImpl - Finished PRE_INIT conversion, current version is: v620
2018-08-21 20:57:36 [ARTIFACTORY] [INFO ] Master key file found.
20:57:37.662 [localhost-startStop-2] DEBUG org.jfrog.storage.util.DbUtils - My schema name is: APP
     /\
    /  \   ___ ___ ___  ___ ___
   / /\ \ / __/ __/ _ \/ __/ __|
  / ____ \ (_| (_|  __/\__ \__ \
 /_/    \_\___\___\___||___/___/
Access Version:  4.1.5
Access Revision: 40105900


20:57:38.230 [localhost-startStop-2] DEBUG org.jfrog.storage.util.DbUtils - Found table: MASTER_KEY_STATUS. Result: 
20:57:38.609 [localhost-startStop-2] DEBUG org.artifactory.converter.VersionProviderImpl - Last Artifactory database version is: v620
20:57:38.609 [localhost-startStop-2] DEBUG org.jfrog.storage.util.DbUtils - My schema name is: APP
20:57:38.616 [localhost-startStop-2] DEBUG org.jfrog.storage.util.DbUtils - Found table: CONFIGS. Result: 
2018-08-21 20:57:38 [ARTIFACTORY] [INFO ] Starting file sync
20:57:38.654 [Thread-6] INFO org.jfrog.config.watch.FileWatchingManager - Starting watch of folder configurations
2018-08-21 20:57:38.672  INFO 25290 --- [ost-startStop-1] o.j.a.s.startup.AccessHomeFinderImpl     : Using JFrog Access home at '/var/opt/jfrog/artifactory/access' resolved from: System property (Artifactory)
2018-08-21 20:57:39,351 [localhost-startStop-1] [JFrog-Access] [INFO ] (o.j.a.c.JFrogApplicationContextInitializer:74) - Using JFrog Access home at '/var/opt/jfrog/artifactory/access'
2018-08-21 20:57:39,362 [localhost-startStop-1] [JFrog-Access] [INFO ] (o.j.a.AccessApplication:48) - Starting AccessApplication v4.1.5 on TG-DevOps-OS087 with PID 25290 (/opt/jfrog/artifactory/tomcat/webapps/access/WEB-INF/lib/access-application-4.1.5.jar started by root in /home/osgdev/mvnlab/Demo2)
2018-08-21 20:57:39,376 [localhost-startStop-1] [JFrog-Access] [INFO ] (o.j.a.AccessApplication:597) - The following profiles are active: production,grpc
2018-08-21 20:57:40 [ARTIFACTORY] [INFO ] Starting Artifactory [artifactory.home=/var/opt/jfrog/artifactory].
2018-08-21 20:57:41,176 [art-init] [INFO ] (o.a.w.s.ArtifactoryContextConfigListener:265) - 
                _   _  __           _                      ____   _____ _____
     /\        | | (_)/ _|         | |                    / __ \ / ____/ ____|
    /  \   _ __| |_ _| |_ __ _  ___| |_ ___  _ __ _   _  | |  | | (___| (___
   / /\ \ | '__| __| |  _/ _` |/ __| __/ _ \| '__| | | | | |  | |\___ \\___ \
  / ____ \| |  | |_| | || (_| | (__| || (_) | |  | |_| | | |__| |____) |___) |
 /_/    \_\_|   \__|_|_| \__,_|\___|\__\___/|_|   \__, |  \____/|_____/_____/
 Version:  6.2.0                                   __/ |
 Revision: 60200900                               |___/
 Artifactory Home: '/var/opt/jfrog/artifactory'

2018-08-21 20:57:41,184 [art-init] [WARN ] (o.a.f.l.ArtifactoryLockFile:65) - Found existing lock file. Artifactory was not shutdown properly. [/var/opt/jfrog/artifactory/data/.lock]
Aug 21, 2018 8:57:41 PM org.apache.catalina.startup.HostConfig deployDescriptor
INFO: Deployment of configuration descriptor [/opt/jfrog/artifactory/tomcat/conf/Catalina/localhost/artifactory.xml] has finished in [6,981] ms
2018-08-21 20:57:41,892 [art-init] [INFO ] (o.a.s.ArtifactoryApplicationContext:496) - Artifactory application context set to NOT READY by refresh
2018-08-21 20:57:41,894 [art-init] [INFO ] (o.a.s.ArtifactoryApplicationContext:236) - Refreshing artifactory: startup date [Tue Aug 21 20:57:41 IST 2018]; root of context hierarchy
2018-08-21 20:57:48,648 [localhost-startStop-1] [JFrog-Access] [INFO ] (o.j.a.s.d.u.AccessJdbcHelperImpl:135) - Database: Apache Derby 10.11.1.1 - (1616546). Driver: Apache Derby Embedded JDBC Driver 10.11.1.1 - (1616546)
2018-08-21 20:57:48,649 [localhost-startStop-1] [JFrog-Access] [INFO ] (o.j.a.s.d.u.AccessJdbcHelperImpl:138) - Connection URL: jdbc:derby:/var/opt/jfrog/artifactory/data/derby
2018-08-21 20:57:50,556 [localhost-startStop-1] [JFrog-Access] [INFO ] (o.j.c.s.InternalConfigurationServiceBase:117) - Loading configuration from db finished successfully
2018-08-21 20:57:51,343 [art-init] [INFO ] (o.a.s.d.DbServiceImpl:244) - Database: Apache Derby 10.11.1.1 - (1616546). Driver: Apache Derby Embedded JDBC Driver 10.11.1.1 - (1616546) Pool: derby
2018-08-21 20:57:51,344 [art-init] [INFO ] (o.a.s.d.DbServiceImpl:247) - Connection URL: jdbc:derby:/var/opt/jfrog/artifactory/data/derby
2018-08-21 20:57:52,325 [localhost-startStop-1] [JFrog-Access] [INFO ] (o.j.s.m.MasterKeyBootstrapper:52) - Found master.key file at /var/opt/jfrog/artifactory/etc/security/master.key, using it as master.key
2018-08-21 20:57:52,752 [art-init] [INFO ] (o.j.s.b.p.t.BinaryProviderClassScanner:76) - Added 'blob' from jar:file:/opt/jfrog/artifactory/tomcat/webapps/artifactory/WEB-INF/lib/artifactory-storage-db-6.2.0.jar!/
2018-08-21 20:57:52,789 [art-init] [INFO ] (o.j.s.b.p.t.BinaryProviderClassScanner:76) - Added 'empty, external-file, external-wrapper, file-system, cache-fs, retry' from jar:file:/opt/jfrog/artifactory/tomcat/webapps/artifactory/WEB-INF/lib/binary-store-core-3.1.3.jar!/
2018-08-21 20:57:53,183 [localhost-startStop-1] [JFrog-Access] [INFO ] (o.j.a.s.s.t.TokenServiceImpl:99) - Scheduling task for revoking expired tokens using cron expression: 0 0 0/1 * * ?
2018-08-21 20:57:53,325 [localhost-startStop-1] [JFrog-Access] [INFO ] (o.j.a.s.r.c.RpcServiceInvoker:78) - Added service: sync
2018-08-21 20:57:54,488 [localhost-startStop-1] [JFrog-Access] [INFO ] (o.j.a.s.AccessServerBootstrapImpl:103) - [ACCESS BOOTSTRAP] Starting JFrog Access bootstrap...
2018-08-21 20:57:55,956 [localhost-startStop-1] [JFrog-Access] [INFO ] (o.j.a.s.AccessServerBootstrapImpl:156) - [ACCESS BOOTSTRAP] Updating server '75d222ce-ebb2-46ab-a718-151dbadc791f' private key finger print to: 10c04b28e0725ecc017d8b0b67c9598e4d141abb6ad835b1490e60e1ea5b5499
2018-08-21 20:57:56,382 [localhost-startStop-1] [JFrog-Access] [INFO ] (o.j.a.s.AccessServerBootstrapImpl:118) - [ACCESS BOOTSTRAP] JFrog Access bootstrap finished.
2018-08-21 20:57:58,440 [art-init] [INFO ] (o.a.s.ArtifactorySchedulerFactoryBean:647) - Starting Quartz Scheduler now
2018-08-21 20:57:58,662 [art-init] [INFO ] (o.a.s.ArtifactoryApplicationContext:243) - Artifactory context starting up 39 Spring Beans...
2018-08-21 20:57:59,509 [art-init] [INFO ] (o.a.s.a.AccessServiceImpl:365) - Initialized new service id: jfrt@01c4ame3yy239905hpg7d20vjp
2018-08-21 20:57:59,653 [art-init] [INFO ] (o.j.s.c.EncryptionWrapperFactory:33) - createArtifactoryKeyWrapper  EncryptionWrapperBase{ encodingType=ARTIFACTORY_MASTER, topEncrypter=BytesEncrypterBase{ Cipher='DESede',  keyId='zGvvB'}, formatUsed=OldFormat, decrypters=[BytesEncrypterBase{ Cipher='DESede',  keyId='zGvvB'}]}
2018-08-21 20:58:00,255 [art-init] [INFO ] (o.a.s.a.ArtifactoryAccessClientConfigStore:572) - Using Access Server URL: http://localhost:8040/access (bundled) source: detected
2018-08-21 20:58:00,715 [art-init] [INFO ] (o.a.s.a.AccessServiceImpl:304) - Waiting for access server...
2018-08-21 20:58:01,205 [localhost-startStop-1] [JFrog-Access] [INFO ] (o.j.a.c.RefreshableScheduledJob:52) - Scheduling heartbeat task to run every 5 seconds
2018-08-21 20:58:04,991 [localhost-startStop-1] [JFrog-Access] [INFO ] (o.j.a.AccessApplication:57) - Started AccessApplication in 28.25 seconds (JVM running for 31.438)
Aug 21, 2018 8:58:05 PM org.apache.catalina.startup.HostConfig deployDescriptor
INFO: Deployment of configuration descriptor [/opt/jfrog/artifactory/tomcat/conf/Catalina/localhost/access.xml] has finished in [30,341] ms
Aug 21, 2018 8:58:05 PM org.apache.catalina.startup.HostConfig deployDirectory
INFO: Deploying web application directory [/opt/jfrog/artifactory/tomcat/webapps/ROOT]
Aug 21, 2018 8:58:05 PM org.apache.catalina.startup.HostConfig deployDirectory
INFO: Deployment of web application directory [/opt/jfrog/artifactory/tomcat/webapps/ROOT] has finished in [38] ms
Aug 21, 2018 8:58:05 PM org.apache.coyote.AbstractProtocol start
INFO: Starting ProtocolHandler ["http-nio-8081"]
Aug 21, 2018 8:58:05 PM org.apache.coyote.AbstractProtocol start
INFO: Starting ProtocolHandler ["http-nio-8040"]
Aug 21, 2018 8:58:05 PM org.apache.coyote.AbstractProtocol start
INFO: Starting ProtocolHandler ["ajp-nio-8019"]
2018-08-21 20:58:07,205 [art-init] [INFO ] (o.a.s.a.AccessServiceImpl:311) - Got response from Access server after 6486 ms, continuing.
2018-08-21 20:58:07,794 [art-init] [INFO ] (o.a.s.a.AccessServiceImpl:288) - Initialized access service successfully with client id 1967963466, closing old client id [null]
2018-08-21 20:58:07,795 [art-init] [INFO ] (o.a.s.a.AccessServiceImpl:1035) - Updating access configuration with password expiration data
2018-08-21 20:58:08,876 [art-init] [INFO ] (o.a.i.InfoWriter    :87) - 

 SYSTEM INFORMATION DUMP
 =======================

 User Info
 ========================
   user.country                                                          | IN
   user.dir                                                              | /home/osgdev/mvnlab/Demo2
   user.home                                                             | /root
   user.language                                                         | en
   user.name                                                             | root
   user.timezone                                                         | Asia/Kolkata

 Host Info
 ========================
   Available Processors                                                  | 2
   Heap Memory Usage-Commited                                            | 536870912
   Heap Memory Usage-Init                                                | 536870912
   Heap Memory Usage-Max                                                 | 2147483648
   Heap Memory Usage-Used                                                | 287546872
   Non-Heap Memory Usage-Commited                                        | 154054656
   Non-Heap Memory Usage-Init                                            | 2555904
   Non-Heap Memory Usage-Max                                             | -1
   Non-Heap Memory Usage-Used                                            | 148627784
   os.arch                                                               | amd64
   os.name                                                               | Linux
   os.version                                                            | 4.4.0-112-generic

 Artifactory Info
 ========================
   artifactory.runMode.test                                              | false
   artifactory.runMode.qa                                                | false
   artifactory.runMode.dev                                               | false
   artifactory.runMode.devHa                                             | false
   artifactory.version                                                   | 6.2.0
   artifactory.revision                                                  | 60200900
   artifactory.buildNumber                                               | 1084
   artifactory.timestamp                                                 | 1533648252207
   artifactory.context.path                                              | /artifactory
   artifactory.access.context.path                                       | /access
   artifactory.servlet.supportUrlSessionTracking                         | false
   artifactory.addons.disabled                                           | 
   artifactory.addons.info.url                                           | http://service.jfrog.org/artifactory/addons/info/%s
   artifactory.addons.info.url                                           | http://www.jfrog.com/confluence/display/RTF/%s
   artifactory.async.corePoolSize                                        | 8
   artifactory.async.poolTtlSecs                                         | 60
   artifactory.async.poolMaxQueueSize                                    | 10000
   artifactory.versioningQueryIntervalSecs                               | 7200
   artifactory.logs.viewRefreshRateSecs                                  | 10
   artifactory.locks.timeoutSecs                                         | 120
   artifactory.locks.debugTimeouts                                       | false
   artifactory.task.completionLockTimeoutRetries                         | 100
   artifactory.repo.concurrentDownloadSyncTimeoutSecs                    | 900
   artifactory.repo.downloadStatsEnabled                                 | true
   artifactory.repo.global.disabled                                      | true
   artifactory.fsitem.cache.idleTimeSecs                                 | 1200
   artifactory.docker.tokens.cache.idleTimeSecs                          | 240
   artifactory.artifactory.tokens.cache.idleTimeSecs                     | 600
   artifactory.cacheFS.sync.quietPeriodSecs                              | 900
   artifactory.search.maxResults                                         | 500
   artifactory.search.userQueryLimit                                     | 1000
   artifactory.search.limitAnonymousUsersOnly                            | true
   artifactory.search.content.maxFragments                               | 500
   artifactory.search.content.maxFragmentsSize                           | 5000
   artifactory.search.archive.minQueryLength                             | 3
   artifactory.search.pattern.timeoutSecs                                | 30
   artifactory.gc.useIndex                                               | false
   artifactory.gc.intervalSecs                                           | 86400
   artifactory.gc.delaySecs                                              | 7200
   artifactory.gc.sleepBetweenNodesMillis                                | 20
   artifactory.gc.scanStartSleepingThresholdMillis                       | 20000
   artifactory.gc.scanSleepBetweenIterationsMillis                       | 200
   artifactory.gc.fileScanSleepIterationMillis                           | 1000
   artifactory.gc.fileScanSleepMillis                                    | 250
   artifactory.gc.maxCacheEntries                                        | 10000
   artifactory.gc.readersMaxTimeSecs                                     | 10800
   artifactory.gc.failCount.threshold                                    | 3
   artifactory.traffic.collectionActive                                  | false
   artifactory.security.authentication.cache.initSize                    | 100
   artifactory.security.authentication.cache.idleTimeSecs                | 300
   artifactory.security.userLastAccessUpdatesResolutionSecs              | 5
   artifactory.security.master.key                                       | ************************
   artifactory.security.master.key.numOfFallbackKeys                     | *
   artifactory.security.disableRememberMe                                | false
   artifactory.security.ldap.forceGroupMemberAttFullDN                   | false
   artifactory.security.ldap.disable.group.search.attributes.limitation  | false
   artifactory.security.ldap.group.policy.cleanOnFail                    | true
   artifactory.security.ldap.group.search.filterThreshold                | 0
   artifactory.enable.aql.read.committed                                 | false
   artifactory.mvn.central.hostPattern                                   | .maven.org
   artifactory.mvn.central.indexerMaxQueryIntervalSecs                   | 86400
   artifactory.mvn.metadata.plugin.calculation.workers                   | 2
   artifactory.mvn.metadata.calculation.workers                          | 8
   artifactory.mvn.dynamicMetadata.cacheRetentionSecs                    | 10
   artifactory.mvn.metadata.version3.enabled                             | true
   artifactory.mvn.custom.types                                          | tar.gz,tar.bz2
   artifactory.request.disableVersionTokens                              | false
   artifactory.request.searchLatestReleaseByDateCreated                  | false
   artifactory.npm.tag.tagLatestByPublish                                | false
   artifactory.build.maxFoldersToScanForDeletionWarnings                 | 2
   artifactory.build.checksum.cache.idleTimeSecs                         | 300
   artifactory.updates.refreshIntervalSecs                               | 14400
   artifactory.updates.url                                               | http://service.jfrog.org/artifactory/updates
   artifactory.artifactoryRequestsToGlobalCanRetrieveRemoteArtifacts     | false
   artifactory.ui.syntaxColoringMaxTextSizeBytes                         | 512000
   artifactory.plugin.scripts.refreshIntervalSecs                        | 0
   artifactory.plugin.aol.support                                        | false
   artifactory.aol.dedicated.server                                      | false
   artifactory.aol.displayAccountManagementLink                          | true
   artifactory.aol.security.http.sso.enable                              | false
   artifactory.aol.security.anon.access.enable                           | false
   artifactory.aol.indexer.enable                                        | false
   artifactory.ui.session.timeout.minutes                                | 30
   artifactory.file.roller.maxFileToRetain                               | 10
   artifactory.backup.fileExportSleepIterationMillis                     | 2000
   artifactory.backup.fileExportSleepMillis                              | 250
   artifactory.s3.existsCheckAfterAddingStream                           | true
   artifactory.http.acceptEncoding.gzip                                  | true
   artifactory.http.useExpectContinue                                    | false
   artifactory.http.forceForbiddenResponse                               | false
   artifactory.http.connectionPool.timeToLive                            | 30
   artifactory.http.enableCookieManagement                               | false
   artifactory.filtering.resourceSizeKb                                  | 64
   artifactory.repo.remote.checkForExistingResourceOnRequest             | true
   artifactory.version.query.enabled                                     | true
   artifactory.response.disableContentDispositionFilename                | false
   artifactory.composer.metadata.extractor.workers                       | 20
   artifactory.composer.metadata.index.workers                           | 10
   artifactory.chef.metadata.index.workers                               | 10
   artifactory.yum.virtual.metadata.calculation.workers                  | 5
   artifactory.rpm.metadata.calculation.workers                          | 8
   artifactory.rpm.metadata.history.cycles.to.keep                       | 3
   artifactory.debian.metadata.calculation.workers                       | 8
   artifactory.debian.remote.etag                                        | true
   artifactory.debian.metadata.validation                                | true
   artifactory.debian.metadata.calculateMd5InPackagesFiles               | false
   artifactory.debian.use.acquire.byhash                                 | true
   artifactory.debian.packages.byhash.history.cycles.to.Keep             | 3
   artifactory.archive.licenseFile.names                                 | license,LICENSE,license.txt,LICENSE.txt,LICENSE.TXT
   artifactory.ui.search.maxRowsPerPage                                  | 20
   artifactory.replication.checksumDeploy.minSizeKb                      | 10
   artifactory.replication.consumer.queueSize                            | 1
   artifactory.replication.local.iteration.sleepThresholdMillis          | 1000
   artifactory.replication.local.iteration.sleepMillis                   | 100
   artifactory.replication.event.queue.size                              | 50000
   artifactory.replication.properties.max.length                         | 100000
   artifactory.replication.statistics.max.length                         | 5000
   artifactory.replication.initContext.task.intervalSecs                 | 60
   artifactory.replication.initContext.task.initialDelaySecs             | 5
   artifactory.request.explodedArchiveExtensions                         | zip,tar,tar.gz,tgz,7z
   artifactory.bintray.jcenter.url                                       | http://jcenter.bintray.com
   artifactory.bintray.url                                               | https://bintray.com
   artifactory.bintray.api.url                                           | https://api.bintray.com
   artifactory.bintray.token.expirySecs                                  | 3600
   artifactory.bintray.distributionRegex.timeoutMillis                   | 180000
   artifactory.bintray.ui.hideUploads                                    | false
   artifactory.bintray.ui.hideInfo                                       | false
   artifactory.bintray.ui.hideRemoteSearch                               | false
   artifactory.bintray.client.threadPool.size                            | 5
   artifactory.enable.ui.pages.in.Iframe                                 | false
   artifactory.bintray.client.requestTimeoutMS                           | 150000
   artifactory.bintray.client.distribution.requestTimeoutMS              | 30000
   artifactory.bintray.client.signRequestTimeoutMS                       | 45000
   artifactory.useUserNameAutoCompleteOnLogin                            | on
   artifactory.ui.hideEncryptedPassword                                  | *****
   artifactory.stats.flushIntervalSecs                                   | 30
   artifactory.stats.remote.flushIntervalSecs                            | 35
   artifactory.stats.flushTimeoutSecs                                    | 120
   artifactory.integrationCleanup.intervalSecs                           | 300
   artifactory.integrationCleanup.quietPeriodSecs                        | 60
   artifactory.folderPruning.intervalSecs                                | 300
   artifactory.folderPruning.quietPeriodSecs                             | 60
   artifactory.repo.virtualCacheCleanup.maxAgeHours                      | 168
   artifactory.repo.virtualCacheCleanup.pattern                          | *.pom
   artifactory.security.authentication.password.salt                     | ****************
   artifactory.db.idGenerator.fetch.amount                               | 2000
   artifactory.db.idGenerator.max.update.retries                         | 50
   artifactory.gems.localIndexTaskIntervalSecs                           | 30
   artifactory.gems.virtualIndexTaskIntervalSecs                         | 300
   artifactory.gems.gemsIndexTaskQueueLimit                              | 20000
   artifactory.gems.gemsAfterRepoInitHack                                | true
   artifactory.jruby.runtime.localContextMode                            | CONCURRENT
   artifactory.security.authentication.crowd.group.startIndex            | 0
   artifactory.security.authentication.crowd.group.maxResults            | 9999
   artifactory.ui.hideChecksums                                          | true
   artifactory.archive.indexer.intervalSecs                              | 60
   artifactory.xray.indexer.intervalSecs                                 | 60
   artifactory.xray.client.block.cache.expiration.intervalSecs           | 300
   artifactory.xray.client.block.unscanned.cache.expiration.intervalSecs | 120
   artifactory.xray.client.block.cache.size                              | 100000
   artifactory.xray.client.heartbeat.intervalSecs                        | 5
   artifactory.xray.client.max.connections                               | 50
   artifactory.xray.client.connection.timeout.millis                     | 5000
   artifactory.xray.client.builds.socket.timeout.millis                  | 600000
   artifactory.xray.client.normal.socket.timeout.millis                  | 5000
   artifactory.xray.cleanup.job.quietPeriodSecs                          | 60
   artifactory.xray.cleanup.job.db.query.limit                           | 100
   artifactory.xray.cleanup.job.batch.size                               | 100
   artifactory.xray.cleanup.job.sleep.interval.millis                    | 0
   artifactory.nuget.inMemoryRemoteCaches                                | true
   artifactory.nuget.forceAuthentication                                 | false
   artifactory.nuget.allowRootGetWithAnon                                | false
   artifactory.nuget.disableSemVer2SearchFilterForLocalRepos             | false
   artifactory.nuget.ignoreIsLatestVersionFilter                         | true
   artifactory.ha.heartbeat.intervalSecs                                 | 5
   artifactory.ha.heartbeat.staleSecs                                    | 30
   artifactory.ha.heartbeat.recently.worked.trigger.days                 | 7
   artifactory.ha.propagation.http.socketTimeoutMs                       | 5000
   artifactory.ha.propagation.http.connectionTimeoutMs                   | 5000
   artifactory.ha.propagation.http.maxConnectionsPerRoute                | 50
   artifactory.ha.propagation.http.maxTotalConnections                   | 150
   artifactory.ha.propagation.CallTimeoutSecs                            | 30
   artifactory.binary.store.error.notification.intervalSecs              | 30
   artifactory.binary.store.error.notification.staleSecs                 | 30
   artifactory.ha.membersIntroduction.intervalSecs                       | 30
   artifactory.ha.membersIntroduction.staleSecs                          | 30
   artifactory.npm.index.quietPeriodSecs                                 | 60
   artifactory.npm.index.cycleSecs                                       | 60
   artifactory.npm.alternative.download.enabled                          | false
   artifactory.import.max.parallelRepos                                  | 1
   artifactory.debian.distribution.path                                  | dists
   artifactory.opkg.index.quietPeriodSecs                                | 60
   artifactory.opkg.index.cycleSecs                                      | 2
   artifactory.debian.default.architectures                              | i386,amd64
   artifactory.pypi.index.quietPeriodSecs                                | 60
   artifactory.pypi.index.sleepMilliSecs                                 | 60
   artifactory.docker.cleanup.maxAgeMillis                               | 86400000
   artifactory.docker.tags.cleanup.intervalSecs                          | 300
   artifactory.docker.tags.cleanup.quietPeriodSecs                       | 60
   artifactory.http.range.support                                        | true
   artifactory.acl.dirty.read.timeout                                    | 20000
   artifactory.acl.minimum.wait.refresh.data.seconds                     | 30
   artifactory.central.config.dirty.read.timeout.millis                  | 2000
   artifactory.central.config.latest.revisions.expire.after.access.seconds| 21600
   artifactory.central.config.latest.revisions.dictionary.size           | 20
   artifactory.central.config.save.number.of.retries                     | 5
   artifactory.central.config.save.backoff.max.delay                     | 8000
   artifactory.central.config.save.backoff.multiplier                    | 2
   artifactory.repositories.dirty.read.timeout.millis                    | 5000
   artifactory.ping.allowUnauthenticated                                 | false
   artifactory.repo.http.idleConnectionMonitorInterval                   | 10
   artifactory.repo.http.disableIdleConnectionMonitoring                 | false
   artifactory.support.core.bundle.contentCollectionAwaitTimeout         | 60
   artifactory.support.core.bundle.waitForSlotBeforeWithdraw             | 600
   artifactory.support.core.bundle.maxBundles                            | 5
   artifactory.binary.provider.zones                                     | a,b,c
   artifactory.binary.provider.prune.chunk.size                          | 500
   artifactory.properties.search.chunk.size                              | 500
   artifactory.security.useFrontCacheForBlockedUsers                     | true
   artifactory.security.loginBlockDelay                                  | 500
   artifactory.security.password.expiry.passwordExpireNotificationJobIntervalSecs| *****
   artifactory.security.password.expiry.passwordExpireJobIntervalSecs    | *****
   artifactory.security.password.expiry.daysToNotifyBefore               | *
   artifactory.http.client.max.total.connections                         | 50
   artifactory.http.client.max.connections.per.route                     | 50
   artifactory.http.client.max.docker.token.connections                  | 2
   artifactory.hazelcast.max.lock.lease.time.minutes                     | 30
   artifactory.repo.remote.blockedMismatchingMimeTypes                   | text/html,application/xhtml+xml
   artifactory.mvn.metadata.calculation.skip.delete.event                | false
   artifactory.repo.remote.browsing.content.length.limit.KB              | 1024
   artifactory.hazelcast.management                                      | false
   artifactory.hazelcast.map.max.backup.count                            | 1
   artifactory.sumologic.api.url                                         | https://auth.sumologic.com
   artifactory.move.copy.max.folder.cache.size                           | 1000000
   artifactory.move.copy.default.transaction.size                        | 1000
   artifactory.node.properties.replace.all                               | false
   artifactory.node.properties.log.performance                           | false
   artifactory.workQueue.execution.syncExecutionTimeoutMillis            | 120000
   artifactory.workQueue.dojob.enabled                                   | true
   artifactory.workQueue.dojob.intervalSecs                              | 5
   artifactory.workitem.max.lock.lease.time.minutes                      | 30
   artifactory.ha.messages.workers                                       | 10
   artifactory.security.communication.constant                           | ArtifactorySecurityCommunicationConstant
   artifactory.nuget.disablePermissionCheck                              | false
   artifactory.treebrowser.sortRepositories.sortByType                   | virtual,distribution,local,remote
   artifactory.maven.metadata.publishModelVersion                        | true
   artifactory.access.token.expiresIn.default                            | 3600
   artifactory.access.client.token.verify.result.cache.size              | -1
   artifactory.access.client.token.verify.result.cache.expiry            | -1
   artifactory.access.client.waitForServer                               | 90
   artifactory.access.client.max.connections                             | 50
   artifactory.access.client.connection.timeout                          | -1
   artifactory.access.client.socket.timeout                              | -1
   artifactory.access.client.ignore.server.version.assertion             | false
   artifactory.puppet.metadata.calculation.workers                       | 5
   artifactory.puppet.repo.metadata.calculation.workers                  | 5
   artifactory.puppet.reindex.period                                     | 1800
   artifactory.puppet.additional.modulegroup                             | 
   artifactory.puppet.additional.endorsement                             | 
   artifactory.onboarding.skipWizard                                     | false
   artifactory.configuration.manager.retry.amount                        | 3
   artifactory.aggregation.time.window.secs                              | 60
   artifactory.most.downloaded.cache.idleTimeSecs                        | 900
   artifactory.replication.eventBased.connection.maxDelay                | 1800000
   artifactory.replications.eventbased.workers                           | 8
   artifactory.replication.eventbased.maxQueueItems                      | 500
   artifactory.replication.eventbased.maxPullReplicationsPerRepo         | 30
   artifactory.build.retention.workers                                   | 10
   artifactory.build.retention.always.async                              | false
   artifactory.locking.provider.type                                     | db
   artifactory.db.lock.cleanup.job.interval                              | 10
   artifactory.db.lock.cleanup.job.stale.interval                        | 10
   artifactory.db.mssql.property.value.max.size                          | 900
   artifactory.migration.job.waitForCluster.sleepIntervalMillis          | 300000
   artifactory.migration.job.dbQueryLimit                                | 100
   artifactory.migration.job.batchSize                                   | 10
   artifactory.migration.job.sleepIntervalMillis                         | 5000
   artifactory.sha2.migration.job.enabled                                | false
   artifactory.sha2.migration.job.queue.workers                          | 2
   artifactory.pathChecksum.migration.job.enabled                        | false
   artifactory.pathChecksum.migration.job.queue.workers                  | 2
   artifactory.upload.failOnChecksumValidationError                      | false
   artifactory.remote.download.inVain.consume.limit.inMegaBytes          | 1
   artifactory.service.name                                              | https://localhost:8080/artifactory/webapp/
   artifactory.helm.metadata.calculation.workers                         | 5
   artifactory.helm.virtual.metadata.calculation.workers                 | 5
   artifactory.cran.metadata.calculation.workers                         | 5
   artifactory.sql.converter.allowExternalConversionScripts              | false
   artifactory.master.key.waiting.timeout.millis                         | *****
   artifactory.bootstrap.logger.debug                                    | false
   artifactory.enable.context.aware.logger                               | false
   artifactory.send.overwrites.to.trashcan                               | true
   artifactory.enable.replicator.use                                     | true
   artifactory.start.local.replicator                                    | false
   artifactory.min.replicator.use.filesize.in.bytes                      | 8000000
   artifactory.block.on.conversion.cache.timeout.in.millis               | 0
   artifactory.node.events.enabled                                       | false
   artifactory.node.events.metrics.enabled                               | false
   artifactory.node.events.max.time                                      | 31536000000
   artifactory.replication.full.useEventLog                              | false
   artifactory.replication.full.eventlog.commit.durationMillis           | 5000
   artifactory.replication.full.eventlog.forceSuccessfulFullTree         | false
   artifactory.replication.full.eventlog.forceFullTreeOnError            | false
   artifactory.replication.primaryOnly                                   | true
   artifactory.releasebundle.cleanup.intervalSecs                        | 3600
   artifactory.releasebundle.distribute.streaming.intervalSecs           | 15
   artifactory.local.port.for.replicator                                 | 8081
   artifactory.package.native.ui.results                                 | 1000
   artifactory.package.native.ui.include.total.downloads                 | true
   artifactory.package.native.ui.search.by.path                          | false
   artifactory.http.sso.create.session.ui.request.only                   | true
   artifactory.s3.autoBucketCreation.skip                                | false
   artifactory.global.message.cache.ageSecs                              | 10
   artifactory.apply.local.repos.permissions.on.remote.repos             | false
   artifactory.apply.remote.repos.permissions.on.local.repos             | false
   artifactory.home                                                      | /var/opt/jfrog/artifactory

 Java System Info
 ========================
   java.class.version                                                    | 52.0
   java.home                                                             | /usr/lib/jvm/java-8-oracle/jre
   java.io.tmpdir                                                        | /opt/jfrog/artifactory/tomcat/temp
   java.runtime.name                                                     | Java(TM) SE Runtime Environment
   java.runtime.version                                                  | 1.8.0_161-b12
   java.specification.name                                               | Java Platform API Specification
   java.specification.vendor                                             | Oracle Corporation
   java.specification.version                                            | 1.8
   java.vendor                                                           | Oracle Corporation
   java.vendor.url                                                       | http://java.oracle.com/
   java.vendor.url.bug                                                   | http://bugreport.sun.com/bugreport/
   java.version                                                          | 1.8.0_161
   java.vm.info                                                          | mixed mode
   java.vm.name                                                          | Java HotSpot(TM) 64-Bit Server VM
   java.vm.specification.name                                            | Java Virtual Machine Specification
   java.vm.specification.vendor                                          | Oracle Corporation
   java.vm.specification.version                                         | 1.8
   java.vm.vendor                                                        | Oracle Corporation
   java.vm.version                                                       | 25.161-b12
   sun.arch.data.model                                                   | 64
   sun.boot.library.path                                                 | /usr/lib/jvm/java-8-oracle/jre/lib/amd64
   sun.cpu.endian                                                        | little
   sun.cpu.isalist                                                       | 
   sun.io.unicode.encoding                                               | UnicodeLittle
   sun.java.launcher                                                     | SUN_STANDARD
   sun.jnu.encoding                                                      | UTF-8
   sun.management.compiler                                               | HotSpot 64-Bit Tiered Compilers
   sun.os.patch.level                                                    | unknown
   JVM Input arguments                                                   | -Djava.util.logging.config.file=/opt/jfrog/artifactory/tomcat/conf/logging.properties
                                                                         | -Djava.util.logging.manager=org.apache.juli.ClassLoaderLogManager
                                                                         | -Djdk.tls.ephemeralDHKeySize=****
                                                                         | -Djava.protocol.handler.pkgs=org.apache.catalina.webresources
                                                                         | -Dorg.apache.catalina.security.SecurityListener.UMASK=0027
                                                                         | -Xms512m
                                                                         | -Xmx2g
                                                                         | -Xss256k
                                                                         | -XX:+UseG1GC
                                                                         | -XX:OnOutOfMemoryError=kill -9 %p
                                                                         | -Djruby.compile.invokedynamic=false
                                                                         | -Dfile.encoding=UTF8
                                                                         | -Dartdist=zip
                                                                         | -Dorg.apache.tomcat.util.buf.UDecoder.ALLOW_ENCODED_SLASH=true
                                                                         | -Djava.security.egd=file:/dev/./urandom
                                                                         | -Dartifactory.home=/opt/jfrog/artifactory
                                                                         | -Dfile.encoding=UTF8
                                                                         | -Djruby.compile.invokedynamic=false
                                                                         | -Xms512m
                                                                         | -Xmx2g
                                                                         | -Xss256k
                                                                         | -XX:+UseG1GC
                                                                         | -XX:OnOutOfMemoryError=kill -9 %p
                                                                         | -Djruby.compile.invokedynamic=false
                                                                         | -Dfile.encoding=UTF8
                                                                         | -Dartdist=deb
                                                                         | -Dorg.apache.tomcat.util.buf.UDecoder.ALLOW_ENCODED_SLASH=true
                                                                         | -Djava.security.egd=file:/dev/./urandom
                                                                         | -Dartifactory.home=/var/opt/jfrog/artifactory
                                                                         | -Dignore.endorsed.dirs=
                                                                         | -Dcatalina.base=/opt/jfrog/artifactory/tomcat
                                                                         | -Dcatalina.home=/opt/jfrog/artifactory/tomcat
                                                                         | -Djava.io.tmpdir=/opt/jfrog/artifactory/tomcat/temp

 Java Class Path Info
 ========================
   sun.boot.class.path                                                   | /usr/lib/jvm/java-8-oracle/jre/lib/resources.jar
                                                                         | /usr/lib/jvm/java-8-oracle/jre/lib/rt.jar
                                                                         | /usr/lib/jvm/java-8-oracle/jre/lib/sunrsasign.jar
                                                                         | /usr/lib/jvm/java-8-oracle/jre/lib/jsse.jar
                                                                         | /usr/lib/jvm/java-8-oracle/jre/lib/jce.jar
                                                                         | /usr/lib/jvm/java-8-oracle/jre/lib/charsets.jar
                                                                         | /usr/lib/jvm/java-8-oracle/jre/lib/jfr.jar
                                                                         | /usr/lib/jvm/java-8-oracle/jre/classes
   java.library.path                                                     | /usr/java/packages/lib/amd64:/usr/lib64:/lib64:/lib:/usr/lib
   java.endorsed.dirs                                                    | /usr/lib/jvm/java-8-oracle/jre/lib/endorsed
   java.ext.dirs                                                         | /usr/lib/jvm/java-8-oracle/jre/lib/ext:/usr/java/packages/lib/ext
   java.class.path                                                       | /opt/jfrog/artifactory/tomcat/bin/bootstrap.jar
                                                                         | /opt/jfrog/artifactory/tomcat/bin/tomcat-juli.jar

2018-08-21 20:58:10,046 [art-init] [INFO ] (o.j.c.w.ConfigurationManagerImpl:445) - Replacing temporary DB channel with permanent DB channel
2018-08-21 20:58:10,051 [art-init] [INFO ] (o.j.c.w.ConfigurationManagerImpl:445) - Successfully closed temporary DB channel
2018-08-21 20:58:10,053 [art-init] [INFO ] (o.a.s.ArtifactoryApplicationContext:496) - Artifactory application context set to READY by refresh
2018-08-21 20:58:10,186 [art-init] [INFO ] (o.a.s.a.AccessServiceImpl:1308) - Successful register of Artifactory serviceId jfrt@01c4ame3yy239905hpg7d20vjp in Access Federation
2018-08-21 20:58:10,211 [art-init] [INFO ] (o.a.w.s.ArtifactoryContextConfigListener:211) - 
###########################################################
### Artifactory successfully started (29.038 seconds)   ###
###########################################################

2018-08-21 21:36:41,575 [http-nio-8040-exec-1] [INFO ] (o.a.e.UploadServiceImpl:360) - Deploy to 'libs-snapshot-local:com/devops/Demo2/1.0-SNAPSHOT/Demo2-1.0-SNAPSHOT.war' Content-Length: 2079
2018-08-21 21:36:43,392 [http-nio-8040-exec-11] [INFO ] (o.a.r.r.c.BuildResource:317) - Adding build 'warproject #2'
2018-08-21 21:36:43,972 [http-nio-8040-exec-11] [INFO ] (o.a.r.r.c.BuildResource:346) - Added build 'warproject #2'
2018-08-21 21:36:55,743 [art-exec-3] [INFO ] (o.a.s.a.ArchiveIndexerImpl:145) - Indexing archive: libs-snapshot-local:com/devops/Demo2/1.0-SNAPSHOT/Demo2-1.0-20180821.160600-1.war
2018-08-21 23:15:25,060 [http-nio-8040-exec-10] [INFO ] (o.a.e.UploadServiceImpl:360) - Deploy to 'libs-snapshot-local:com/devops/Demo2/1.0-SNAPSHOT/Demo2-1.0-SNAPSHOT.war' Content-Length: 2079
2018-08-21 23:15:25,635 [http-nio-8040-exec-11] [INFO ] (o.a.r.r.c.BuildResource:317) - Adding build 'warproject #3'
2018-08-21 23:15:25,684 [http-nio-8040-exec-11] [INFO ] (o.a.r.r.c.BuildResource:346) - Added build 'warproject #3'
2018-08-21 23:15:55,716 [art-exec-2] [INFO ] (o.a.s.a.ArchiveIndexerImpl:145) - Indexing archive: libs-snapshot-local:com/devops/Demo2/1.0-SNAPSHOT/Demo2-1.0-20180821.174500-1.war
2018-08-21 23:20:16,004 [http-nio-8040-exec-5] [INFO ] (o.a.e.UploadServiceImpl:360) - Deploy to 'libs-snapshot-local:com/devops/Demo2/1.0-SNAPSHOT/Demo2-1.0-SNAPSHOT.war' Content-Length: 2081
2018-08-21 23:20:16,252 [http-nio-8040-exec-10] [INFO ] (o.a.r.r.c.BuildResource:317) - Adding build 'warproject #4'
2018-08-21 23:20:16,324 [http-nio-8040-exec-10] [INFO ] (o.a.r.r.c.BuildResource:346) - Added build 'warproject #4'
2018-08-21 23:20:55,716 [art-exec-5] [INFO ] (o.a.s.a.ArchiveIndexerImpl:145) - Indexing archive: libs-snapshot-local:com/devops/Demo2/1.0-SNAPSHOT/Demo2-1.0-20180821.175000-1.war
2018-08-21 23:23:33,226 [http-nio-8040-exec-3] [INFO ] (o.a.e.UploadServiceImpl:360) - Deploy to 'libs-snapshot-local:com/devops/Demo2/1.0-SNAPSHOT/Demo2-1.0-SNAPSHOT.war' Content-Length: 2078
2018-08-21 23:23:33,478 [http-nio-8040-exec-5] [INFO ] (o.a.r.r.c.BuildResource:317) - Adding build 'warproject #5'
2018-08-21 23:23:33,535 [http-nio-8040-exec-5] [INFO ] (o.a.r.r.c.BuildResource:346) - Added build 'warproject #5'
2018-08-21 23:23:55,715 [art-exec-3] [INFO ] (o.a.s.a.ArchiveIndexerImpl:145) - Indexing archive: libs-snapshot-local:com/devops/Demo2/1.0-SNAPSHOT/Demo2-1.0-20180821.175317-1.war
2018-08-21 23:25:14,009 [http-nio-8040-exec-4] [INFO ] (o.a.e.UploadServiceImpl:360) - Deploy to 'libs-snapshot-local:com/devops/Demo2/1.0-SNAPSHOT/Demo2-1.0-SNAPSHOT.war' Content-Length: 2081
2018-08-21 23:25:14,207 [http-nio-8040-exec-3] [INFO ] (o.a.r.r.c.BuildResource:317) - Adding build 'warproject #6'
2018-08-21 23:25:14,358 [http-nio-8040-exec-3] [INFO ] (o.a.r.r.c.BuildResource:346) - Added build 'warproject #6'
2018-08-21 23:25:55,731 [art-exec-3] [INFO ] (o.a.s.a.ArchiveIndexerImpl:145) - Indexing archive: libs-snapshot-local:com/devops/Demo2/1.0-SNAPSHOT/Demo2-1.0-20180821.175500-1.war
2018-08-21 23:28:37,133 [http-nio-8040-exec-9] [INFO ] (o.a.e.UploadServiceImpl:360) - Deploy to 'libs-snapshot-local:com/devops/Demo2/1.0-SNAPSHOT/Demo2-1.0-SNAPSHOT.war' Content-Length: 2081
2018-08-21 23:28:37,392 [http-nio-8040-exec-4] [INFO ] (o.a.r.r.c.BuildResource:317) - Adding build 'warproject #7'
2018-08-21 23:28:37,421 [http-nio-8040-exec-4] [INFO ] (o.a.r.r.c.BuildResource:346) - Added build 'warproject #7'
2018-08-21 23:28:55,717 [art-exec-3] [INFO ] (o.a.s.a.ArchiveIndexerImpl:145) - Indexing archive: libs-snapshot-local:com/devops/Demo2/1.0-SNAPSHOT/Demo2-1.0-20180821.175818-1.war
2018-08-21 23:30:13,548 [http-nio-8040-exec-10] [INFO ] (o.a.e.UploadServiceImpl:360) - Deploy to 'libs-snapshot-local:com/devops/Demo2/1.0-SNAPSHOT/Demo2-1.0-SNAPSHOT.war' Content-Length: 2081
2018-08-21 23:30:13,728 [http-nio-8040-exec-9] [INFO ] (o.a.r.r.c.BuildResource:317) - Adding build 'warproject #8'
2018-08-21 23:30:13,784 [http-nio-8040-exec-9] [INFO ] (o.a.r.r.c.BuildResource:346) - Added build 'warproject #8'
2018-08-21 23:30:55,726 [art-exec-8] [INFO ] (o.a.s.a.ArchiveIndexerImpl:145) - Indexing archive: libs-snapshot-local:com/devops/Demo2/1.0-SNAPSHOT/Demo2-1.0-20180821.180000-1.war
2018-08-21 23:32:24,327 [http-nio-8040-exec-5] [INFO ] (o.a.e.UploadServiceImpl:360) - Deploy to 'libs-snapshot-local:com/devops/Demo2/1.0-SNAPSHOT/Demo2-1.0-SNAPSHOT.war' Content-Length: 2081
2018-08-21 23:32:24,886 [http-nio-8040-exec-10] [INFO ] (o.a.r.r.c.BuildResource:317) - Adding build 'warproject #9'
2018-08-21 23:32:24,969 [http-nio-8040-exec-10] [INFO ] (o.a.r.r.c.BuildResource:346) - Added build 'warproject #9'
2018-08-21 23:32:55,720 [art-exec-8] [INFO ] (o.a.s.a.ArchiveIndexerImpl:145) - Indexing archive: libs-snapshot-local:com/devops/Demo2/1.0-SNAPSHOT/Demo2-1.0-20180821.180207-1.war
2018-08-21 23:35:20,043 [http-nio-8040-exec-3] [INFO ] (o.a.e.UploadServiceImpl:360) - Deploy to 'libs-snapshot-local:com/devops/Demo2/1.0-SNAPSHOT/Demo2-1.0-SNAPSHOT.war' Content-Length: 2081
2018-08-21 23:35:20,498 [http-nio-8040-exec-6] [INFO ] (o.a.r.r.c.BuildResource:317) - Adding build 'warproject #10'
2018-08-21 23:35:20,653 [http-nio-8040-exec-6] [INFO ] (o.a.r.r.c.BuildResource:346) - Added build 'warproject #10'
2018-08-21 23:35:55,720 [art-exec-8] [INFO ] (o.a.s.a.ArchiveIndexerImpl:145) - Indexing archive: libs-snapshot-local:com/devops/Demo2/1.0-SNAPSHOT/Demo2-1.0-20180821.180500-1.war
2018-08-21 23:40:22,570 [http-nio-8040-exec-10] [INFO ] (o.a.e.UploadServiceImpl:360) - Deploy to 'libs-snapshot-local:com/devops/Demo2/1.0-SNAPSHOT/Demo2-1.0-SNAPSHOT.war' Content-Length: 2081
2018-08-21 23:40:23,068 [http-nio-8040-exec-2] [INFO ] (o.a.r.r.c.BuildResource:317) - Adding build 'warproject #11'
2018-08-21 23:40:23,161 [http-nio-8040-exec-2] [INFO ] (o.a.r.r.c.BuildResource:346) - Added build 'warproject #11'
2018-08-21 23:40:55,716 [art-exec-8] [INFO ] (o.a.s.a.ArchiveIndexerImpl:145) - Indexing archive: libs-snapshot-local:com/devops/Demo2/1.0-SNAPSHOT/Demo2-1.0-20180821.181000-1.war
2018-08-21 23:45:15,983 [http-nio-8040-exec-6] [INFO ] (o.a.e.UploadServiceImpl:360) - Deploy to 'libs-snapshot-local:com/devops/Demo2/1.0-SNAPSHOT/Demo2-1.0-SNAPSHOT.war' Content-Length: 2081
2018-08-21 23:45:16,132 [http-nio-8040-exec-10] [INFO ] (o.a.r.r.c.BuildResource:317) - Adding build 'warproject #12'
2018-08-21 23:45:16,187 [http-nio-8040-exec-10] [INFO ] (o.a.r.r.c.BuildResource:346) - Added build 'warproject #12'
2018-08-21 23:45:55,718 [art-exec-1] [INFO ] (o.a.s.a.ArchiveIndexerImpl:145) - Indexing archive: libs-snapshot-local:com/devops/Demo2/1.0-SNAPSHOT/Demo2-1.0-20180821.181500-1.war
2018-08-21 23:46:27,290 [http-nio-8040-exec-3] [INFO ] (o.a.e.UploadServiceImpl:360) - Deploy to 'libs-snapshot-local:com/devops/Demo2/1.0-SNAPSHOT/Demo2-1.0-SNAPSHOT.war' Content-Length: 2081
2018-08-21 23:46:27,617 [http-nio-8040-exec-4] [INFO ] (o.a.r.r.c.BuildResource:317) - Adding build 'warproject #13'
2018-08-21 23:46:27,686 [http-nio-8040-exec-4] [INFO ] (o.a.r.r.c.BuildResource:346) - Added build 'warproject #13'
2018-08-21 23:46:55,715 [art-exec-1] [INFO ] (o.a.s.a.ArchiveIndexerImpl:145) - Indexing archive: libs-snapshot-local:com/devops/Demo2/1.0-SNAPSHOT/Demo2-1.0-20180821.181606-1.war
2018-08-21 23:50:13,095 [http-nio-8040-exec-1] [INFO ] (o.a.e.UploadServiceImpl:360) - Deploy to 'libs-snapshot-local:com/devops/Demo2/1.0-SNAPSHOT/Demo2-1.0-SNAPSHOT.war' Content-Length: 2081
2018-08-21 23:50:13,324 [http-nio-8040-exec-5] [INFO ] (o.a.r.r.c.BuildResource:317) - Adding build 'warproject #14'
2018-08-21 23:50:13,534 [http-nio-8040-exec-5] [INFO ] (o.a.r.r.c.BuildResource:346) - Added build 'warproject #14'
2018-08-21 23:50:55,719 [art-exec-8] [INFO ] (o.a.s.a.ArchiveIndexerImpl:145) - Indexing archive: libs-snapshot-local:com/devops/Demo2/1.0-SNAPSHOT/Demo2-1.0-20180821.182000-1.war
2018-08-21 23:55:12,859 [http-nio-8040-exec-6] [INFO ] (o.a.e.UploadServiceImpl:360) - Deploy to 'libs-snapshot-local:com/devops/Demo2/1.0-SNAPSHOT/Demo2-1.0-SNAPSHOT.war' Content-Length: 2081
2018-08-21 23:55:13,037 [http-nio-8040-exec-9] [INFO ] (o.a.r.r.c.BuildResource:317) - Adding build 'warproject #15'
2018-08-21 23:55:13,065 [http-nio-8040-exec-9] [INFO ] (o.a.r.r.c.BuildResource:346) - Added build 'warproject #15'
2018-08-21 23:55:55,715 [art-exec-1] [INFO ] (o.a.s.a.ArchiveIndexerImpl:145) - Indexing archive: libs-snapshot-local:com/devops/Demo2/1.0-SNAPSHOT/Demo2-1.0-20180821.182500-1.war
2018-08-21 23:57:51,131 [http-nio-8040-exec-5] [INFO ] (o.a.e.UploadServiceImpl:360) - Deploy to 'libs-snapshot-local:com/devops/Demo2/1.0-SNAPSHOT/Demo2-1.0-SNAPSHOT.war' Content-Length: 2081
2018-08-21 23:57:51,564 [http-nio-8040-exec-7] [INFO ] (o.a.r.r.c.BuildResource:317) - Adding build 'warproject #16'
2018-08-21 23:57:51,646 [http-nio-8040-exec-7] [INFO ] (o.a.r.r.c.BuildResource:346) - Added build 'warproject #16'
2018-08-21 23:57:55,719 [art-exec-2] [INFO ] (o.a.s.a.ArchiveIndexerImpl:145) - Indexing archive: libs-snapshot-local:com/devops/Demo2/1.0-SNAPSHOT/Demo2-1.0-20180821.182731-1.war
2018-08-22 00:00:01,301 [art-exec-2] [INFO ] (o.a.r.s.t.p.TrashcanPruner:92) - Trashcan pruning total execution time: '1.26 secs'
2018-08-22 00:00:01,409 [art-exec-2] [INFO ] (o.a.s.b.s.GarbageCollectorInfo:80) - Storage garbage collector report:
Number of binaries:      15
Total execution time:    98 millis
Candidates for deletion: 0
Checksums deleted:       0
Binaries deleted:        0
Total size freed:        0 bytes
Current total size:      30.48 KB
2018-08-22 00:00:12,347 [http-nio-8040-exec-11] [INFO ] (o.a.e.UploadServiceImpl:360) - Deploy to 'libs-snapshot-local:com/devops/Demo2/1.0-SNAPSHOT/Demo2-1.0-SNAPSHOT.war' Content-Length: 2078
2018-08-22 00:00:12,572 [http-nio-8040-exec-2] [INFO ] (o.a.r.r.c.BuildResource:317) - Adding build 'warproject #17'
2018-08-22 00:00:12,754 [http-nio-8040-exec-2] [INFO ] (o.a.r.r.c.BuildResource:346) - Added build 'warproject #17'
2018-08-22 00:00:55,717 [art-exec-1] [INFO ] (o.a.s.a.ArchiveIndexerImpl:145) - Indexing archive: libs-snapshot-local:com/devops/Demo2/1.0-SNAPSHOT/Demo2-1.0-20180821.183000-1.war
2018-08-22 00:04:43,672 [http-nio-8040-exec-5] [INFO ] (o.a.e.UploadServiceImpl:360) - Deploy to 'libs-snapshot-local:com/devops/Demo2/1.0-SNAPSHOT/Demo2-1.0-SNAPSHOT.war' Content-Length: 2079
2018-08-22 00:04:43,978 [http-nio-8040-exec-11] [INFO ] (o.a.r.r.c.BuildResource:317) - Adding build 'warproject #18'
2018-08-22 00:04:44,008 [http-nio-8040-exec-11] [INFO ] (o.a.r.r.c.BuildResource:346) - Added build 'warproject #18'
2018-08-22 00:04:55,714 [art-exec-1] [INFO ] (o.a.s.a.ArchiveIndexerImpl:145) - Indexing archive: libs-snapshot-local:com/devops/Demo2/1.0-SNAPSHOT/Demo2-1.0-20180821.183429-1.war
2018-08-22 00:05:11,454 [http-nio-8040-exec-9] [INFO ] (o.a.e.UploadServiceImpl:360) - Deploy to 'libs-snapshot-local:com/devops/Demo2/1.0-SNAPSHOT/Demo2-1.0-SNAPSHOT.war' Content-Length: 2079
2018-08-22 00:05:11,592 [http-nio-8040-exec-5] [INFO ] (o.a.r.r.c.BuildResource:317) - Adding build 'warproject #19'
2018-08-22 00:05:11,624 [http-nio-8040-exec-5] [INFO ] (o.a.r.r.c.BuildResource:346) - Added build 'warproject #19'
2018-08-22 00:05:55,714 [art-exec-8] [INFO ] (o.a.s.a.ArchiveIndexerImpl:145) - Indexing archive: libs-snapshot-local:com/devops/Demo2/1.0-SNAPSHOT/Demo2-1.0-20180821.183500-1.war
2018-08-22 00:10:11,968 [http-nio-8040-exec-7] [INFO ] (o.a.e.UploadServiceImpl:360) - Deploy to 'libs-snapshot-local:com/devops/Demo2/1.0-SNAPSHOT/Demo2-1.0-SNAPSHOT.war' Content-Length: 2077
2018-08-22 00:10:12,234 [http-nio-8040-exec-2] [INFO ] (o.a.r.r.c.BuildResource:317) - Adding build 'warproject #20'
2018-08-22 00:10:12,249 [http-nio-8040-exec-2] [INFO ] (o.a.r.r.c.BuildResource:346) - Added build 'warproject #20'
2018-08-22 00:10:55,728 [art-exec-2] [INFO ] (o.a.s.a.ArchiveIndexerImpl:145) - Indexing archive: libs-snapshot-local:com/devops/Demo2/1.0-SNAPSHOT/Demo2-1.0-20180821.184000-1.war
2018-08-22 00:12:00,002 [art-exec-2] [INFO ] (o.a.r.c.VirtualCacheCleanupServiceImpl:123) - Starting cleanup of virtual repositories
2018-08-22 00:12:00,465 [art-exec-2] [INFO ] (o.a.r.c.VirtualCacheCleanupServiceImpl:127) - Completed virtual repositories cleanup: removed 0 cached files.
2018-08-22 00:15:12,237 [http-nio-8040-exec-4] [INFO ] (o.a.e.UploadServiceImpl:360) - Deploy to 'libs-snapshot-local:com/devops/Demo2/1.0-SNAPSHOT/Demo2-1.0-SNAPSHOT.war' Content-Length: 2079
2018-08-22 00:15:12,391 [http-nio-8040-exec-9] [INFO ] (o.a.r.r.c.BuildResource:317) - Adding build 'warproject #21'
2018-08-22 00:15:12,598 [http-nio-8040-exec-9] [INFO ] (o.a.r.r.c.BuildResource:346) - Added build 'warproject #21'
2018-08-22 00:15:55,720 [art-exec-3] [INFO ] (o.a.s.a.ArchiveIndexerImpl:145) - Indexing archive: libs-snapshot-local:com/devops/Demo2/1.0-SNAPSHOT/Demo2-1.0-20180821.184500-1.war
2018-08-22 00:20:11,825 [http-nio-8040-exec-10] [INFO ] (o.a.e.UploadServiceImpl:360) - Deploy to 'libs-snapshot-local:com/devops/Demo2/1.0-SNAPSHOT/Demo2-1.0-SNAPSHOT.war' Content-Length: 2079
2018-08-22 00:20:12,145 [http-nio-8040-exec-11] [INFO ] (o.a.r.r.c.BuildResource:317) - Adding build 'warproject #22'
2018-08-22 00:20:12,311 [http-nio-8040-exec-11] [INFO ] (o.a.r.r.c.BuildResource:346) - Added build 'warproject #22'
2018-08-22 00:20:55,720 [art-exec-8] [INFO ] (o.a.s.a.ArchiveIndexerImpl:145) - Indexing archive: libs-snapshot-local:com/devops/Demo2/1.0-SNAPSHOT/Demo2-1.0-20180821.185000-1.war
2018-08-22 00:25:12,788 [http-nio-8040-exec-1] [INFO ] (o.a.e.UploadServiceImpl:360) - Deploy to 'libs-snapshot-local:com/devops/Demo2/1.0-SNAPSHOT/Demo2-1.0-SNAPSHOT.war' Content-Length: 2079
2018-08-22 00:25:13,041 [http-nio-8040-exec-5] [INFO ] (o.a.r.r.c.BuildResource:317) - Adding build 'warproject #23'
2018-08-22 00:25:13,114 [http-nio-8040-exec-5] [INFO ] (o.a.r.r.c.BuildResource:346) - Added build 'warproject #23'
2018-08-22 00:25:55,723 [art-exec-4] [INFO ] (o.a.s.a.ArchiveIndexerImpl:145) - Indexing archive: libs-snapshot-local:com/devops/Demo2/1.0-SNAPSHOT/Demo2-1.0-20180821.185500-1.war
2018-08-22 00:30:13,060 [http-nio-8040-exec-11] [INFO ] (o.a.e.UploadServiceImpl:360) - Deploy to 'libs-snapshot-local:com/devops/Demo2/1.0-SNAPSHOT/Demo2-1.0-SNAPSHOT.war' Content-Length: 2079
2018-08-22 00:30:13,261 [http-nio-8040-exec-2] [INFO ] (o.a.r.r.c.BuildResource:317) - Adding build 'warproject #24'
2018-08-22 00:30:13,283 [http-nio-8040-exec-2] [INFO ] (o.a.r.r.c.BuildResource:346) - Added build 'warproject #24'
2018-08-22 00:30:55,716 [art-exec-7] [INFO ] (o.a.s.a.ArchiveIndexerImpl:145) - Indexing archive: libs-snapshot-local:com/devops/Demo2/1.0-SNAPSHOT/Demo2-1.0-20180821.190000-1.war
2018-08-22 00:35:11,883 [http-nio-8040-exec-6] [INFO ] (o.a.e.UploadServiceImpl:360) - Deploy to 'libs-snapshot-local:com/devops/Demo2/1.0-SNAPSHOT/Demo2-1.0-SNAPSHOT.war' Content-Length: 2079
2018-08-22 00:35:12,051 [http-nio-8040-exec-9] [INFO ] (o.a.r.r.c.BuildResource:317) - Adding build 'warproject #25'
2018-08-22 00:35:12,081 [http-nio-8040-exec-9] [INFO ] (o.a.r.r.c.BuildResource:346) - Added build 'warproject #25'
2018-08-22 00:35:55,715 [art-exec-3] [INFO ] (o.a.s.a.ArchiveIndexerImpl:145) - Indexing archive: libs-snapshot-local:com/devops/Demo2/1.0-SNAPSHOT/Demo2-1.0-20180821.190500-1.war
2018-08-22 00:40:16,153 [http-nio-8040-exec-3] [INFO ] (o.a.e.UploadServiceImpl:360) - Deploy to 'libs-snapshot-local:com/devops/Demo2/1.0-SNAPSHOT/Demo2-1.0-SNAPSHOT.war' Content-Length: 2079
2018-08-22 00:40:16,499 [http-nio-8040-exec-4] [INFO ] (o.a.r.r.c.BuildResource:317) - Adding build 'warproject #26'
2018-08-22 00:40:16,537 [http-nio-8040-exec-4] [INFO ] (o.a.r.r.c.BuildResource:346) - Added build 'warproject #26'
2018-08-22 00:40:55,714 [art-exec-5] [INFO ] (o.a.s.a.ArchiveIndexerImpl:145) - Indexing archive: libs-snapshot-local:com/devops/Demo2/1.0-SNAPSHOT/Demo2-1.0-20180821.191000-1.war
2018-08-22 00:45:13,743 [http-nio-8040-exec-9] [INFO ] (o.a.e.UploadServiceImpl:360) - Deploy to 'libs-snapshot-local:com/devops/Demo2/1.0-SNAPSHOT/Demo2-1.0-SNAPSHOT.war' Content-Length: 2079
2018-08-22 00:45:14,034 [http-nio-8040-exec-10] [INFO ] (o.a.r.r.c.BuildResource:317) - Adding build 'warproject #27'
2018-08-22 00:45:14,055 [http-nio-8040-exec-10] [INFO ] (o.a.r.r.c.BuildResource:346) - Added build 'warproject #27'
2018-08-22 00:45:55,715 [art-exec-8] [INFO ] (o.a.s.a.ArchiveIndexerImpl:145) - Indexing archive: libs-snapshot-local:com/devops/Demo2/1.0-SNAPSHOT/Demo2-1.0-20180821.191500-1.war
2018-08-22 00:50:13,300 [http-nio-8040-exec-5] [INFO ] (o.a.e.UploadServiceImpl:360) - Deploy to 'libs-snapshot-local:com/devops/Demo2/1.0-SNAPSHOT/Demo2-1.0-SNAPSHOT.war' Content-Length: 2079
2018-08-22 00:50:13,533 [http-nio-8040-exec-9] [INFO ] (o.a.r.r.c.BuildResource:317) - Adding build 'warproject #28'
2018-08-22 00:50:13,659 [http-nio-8040-exec-9] [INFO ] (o.a.r.r.c.BuildResource:346) - Added build 'warproject #28'
2018-08-22 00:50:55,715 [art-exec-6] [INFO ] (o.a.s.a.ArchiveIndexerImpl:145) - Indexing archive: libs-snapshot-local:com/devops/Demo2/1.0-SNAPSHOT/Demo2-1.0-20180821.192000-1.war
2018-08-22 00:54:53,502 [http-nio-8040-exec-3] [INFO ] (o.a.e.UploadServiceImpl:360) - Deploy to 'libs-snapshot-local:com/devops/Demo2/1.0-SNAPSHOT/Demo2-1.0-SNAPSHOT.war' Content-Length: 2079
2018-08-22 00:54:53,763 [http-nio-8040-exec-4] [INFO ] (o.a.r.r.c.BuildResource:317) - Adding build 'warproject #29'
2018-08-22 00:54:53,842 [http-nio-8040-exec-4] [INFO ] (o.a.r.r.c.BuildResource:346) - Added build 'warproject #29'
2018-08-22 00:54:55,715 [art-exec-4] [INFO ] (o.a.s.a.ArchiveIndexerImpl:145) - Indexing archive: libs-snapshot-local:com/devops/Demo2/1.0-SNAPSHOT/Demo2-1.0-20180821.192435-1.war
2018-08-22 00:55:14,530 [http-nio-8040-exec-11] [INFO ] (o.a.e.UploadServiceImpl:360) - Deploy to 'libs-snapshot-local:com/devops/Demo2/1.0-SNAPSHOT/Demo2-1.0-SNAPSHOT.war' Content-Length: 2079
2018-08-22 00:55:14,667 [http-nio-8040-exec-10] [INFO ] (o.a.r.r.c.BuildResource:317) - Adding build 'warproject #30'
2018-08-22 00:55:14,681 [http-nio-8040-exec-10] [INFO ] (o.a.r.r.c.BuildResource:346) - Added build 'warproject #30'
2018-08-22 00:55:55,716 [art-exec-4] [INFO ] (o.a.s.a.ArchiveIndexerImpl:145) - Indexing archive: libs-snapshot-local:com/devops/Demo2/1.0-SNAPSHOT/Demo2-1.0-20180821.192500-1.war
2018-08-22 01:00:18,165 [http-nio-8040-exec-4] [INFO ] (o.a.e.UploadServiceImpl:360) - Deploy to 'libs-snapshot-local:com/devops/Demo2/1.0-SNAPSHOT/Demo2-1.0-SNAPSHOT.war' Content-Length: 2079
2018-08-22 01:00:18,335 [http-nio-8040-exec-2] [INFO ] (o.a.r.r.c.BuildResource:317) - Adding build 'warproject #31'
2018-08-22 01:00:18,357 [http-nio-8040-exec-2] [INFO ] (o.a.r.r.c.BuildResource:346) - Added build 'warproject #31'
2018-08-22 01:00:55,714 [art-exec-1] [INFO ] (o.a.s.a.ArchiveIndexerImpl:145) - Indexing archive: libs-snapshot-local:com/devops/Demo2/1.0-SNAPSHOT/Demo2-1.0-20180821.193000-1.war
2018-08-22 01:05:11,707 [http-nio-8040-exec-6] [INFO ] (o.a.e.UploadServiceImpl:360) - Deploy to 'libs-snapshot-local:com/devops/Demo2/1.0-SNAPSHOT/Demo2-1.0-SNAPSHOT.war' Content-Length: 2079
2018-08-22 01:05:11,974 [http-nio-8040-exec-9] [INFO ] (o.a.r.r.c.BuildResource:317) - Adding build 'warproject #32'
2018-08-22 01:05:12,031 [http-nio-8040-exec-9] [INFO ] (o.a.r.r.c.BuildResource:346) - Added build 'warproject #32'
2018-08-22 01:05:55,715 [art-exec-5] [INFO ] (o.a.s.a.ArchiveIndexerImpl:145) - Indexing archive: libs-snapshot-local:com/devops/Demo2/1.0-SNAPSHOT/Demo2-1.0-20180821.193500-1.war
2018-08-22 01:10:13,722 [http-nio-8040-exec-11] [INFO ] (o.a.e.UploadServiceImpl:360) - Deploy to 'libs-snapshot-local:com/devops/Demo2/1.0-SNAPSHOT/Demo2-1.0-SNAPSHOT.war' Content-Length: 2079
2018-08-22 01:10:13,927 [http-nio-8040-exec-6] [INFO ] (o.a.r.r.c.BuildResource:317) - Adding build 'warproject #33'
2018-08-22 01:10:13,974 [http-nio-8040-exec-6] [INFO ] (o.a.r.r.c.BuildResource:346) - Added build 'warproject #33'
2018-08-22 01:10:55,715 [art-exec-3] [INFO ] (o.a.s.a.ArchiveIndexerImpl:145) - Indexing archive: libs-snapshot-local:com/devops/Demo2/1.0-SNAPSHOT/Demo2-1.0-20180821.194000-1.war
2018-08-22 01:15:12,230 [http-nio-8040-exec-4] [INFO ] (o.a.e.UploadServiceImpl:360) - Deploy to 'libs-snapshot-local:com/devops/Demo2/1.0-SNAPSHOT/Demo2-1.0-SNAPSHOT.war' Content-Length: 2079
2018-08-22 01:15:12,675 [http-nio-8040-exec-2] [INFO ] (o.a.r.r.c.BuildResource:317) - Adding build 'warproject #34'
2018-08-22 01:15:12,693 [http-nio-8040-exec-2] [INFO ] (o.a.r.r.c.BuildResource:346) - Added build 'warproject #34'
2018-08-22 01:15:55,715 [art-exec-1] [INFO ] (o.a.s.a.ArchiveIndexerImpl:145) - Indexing archive: libs-snapshot-local:com/devops/Demo2/1.0-SNAPSHOT/Demo2-1.0-20180821.194500-1.war
2018-08-22 01:20:13,216 [http-nio-8040-exec-3] [INFO ] (o.a.e.UploadServiceImpl:360) - Deploy to 'libs-snapshot-local:com/devops/Demo2/1.0-SNAPSHOT/Demo2-1.0-SNAPSHOT.war' Content-Length: 2079
2018-08-22 01:20:13,465 [http-nio-8040-exec-4] [INFO ] (o.a.r.r.c.BuildResource:317) - Adding build 'warproject #35'
2018-08-22 01:20:14,029 [http-nio-8040-exec-4] [INFO ] (o.a.r.r.c.BuildResource:346) - Added build 'warproject #35'
2018-08-22 01:20:55,715 [art-exec-6] [INFO ] (o.a.s.a.ArchiveIndexerImpl:145) - Indexing archive: libs-snapshot-local:com/devops/Demo2/1.0-SNAPSHOT/Demo2-1.0-20180821.195000-1.war
2018-08-22 01:25:12,043 [http-nio-8040-exec-1] [INFO ] (o.a.e.UploadServiceImpl:360) - Deploy to 'libs-snapshot-local:com/devops/Demo2/1.0-SNAPSHOT/Demo2-1.0-SNAPSHOT.war' Content-Length: 2079
2018-08-22 01:25:12,238 [http-nio-8040-exec-3] [INFO ] (o.a.r.r.c.BuildResource:317) - Adding build 'warproject #36'
2018-08-22 01:25:12,310 [http-nio-8040-exec-3] [INFO ] (o.a.r.r.c.BuildResource:346) - Added build 'warproject #36'
2018-08-22 01:25:55,714 [art-exec-7] [INFO ] (o.a.s.a.ArchiveIndexerImpl:145) - Indexing archive: libs-snapshot-local:com/devops/Demo2/1.0-SNAPSHOT/Demo2-1.0-20180821.195500-1.war
2018-08-22 01:30:13,745 [http-nio-8040-exec-5] [INFO ] (o.a.e.UploadServiceImpl:360) - Deploy to 'libs-snapshot-local:com/devops/Demo2/1.0-SNAPSHOT/Demo2-1.0-SNAPSHOT.war' Content-Length: 2079
2018-08-22 01:30:13,989 [http-nio-8040-exec-11] [INFO ] (o.a.r.r.c.BuildResource:317) - Adding build 'warproject #37'
2018-08-22 01:30:14,096 [http-nio-8040-exec-11] [INFO ] (o.a.r.r.c.BuildResource:346) - Added build 'warproject #37'
2018-08-22 01:30:55,716 [art-exec-1] [INFO ] (o.a.s.a.ArchiveIndexerImpl:145) - Indexing archive: libs-snapshot-local:com/devops/Demo2/1.0-SNAPSHOT/Demo2-1.0-20180821.200000-1.war
2018-08-22 01:35:11,620 [http-nio-8040-exec-10] [INFO ] (o.a.e.UploadServiceImpl:360) - Deploy to 'libs-snapshot-local:com/devops/Demo2/1.0-SNAPSHOT/Demo2-1.0-SNAPSHOT.war' Content-Length: 2079
2018-08-22 01:35:11,791 [http-nio-8040-exec-5] [INFO ] (o.a.r.r.c.BuildResource:317) - Adding build 'warproject #38'
2018-08-22 01:35:11,916 [http-nio-8040-exec-5] [INFO ] (o.a.r.r.c.BuildResource:346) - Added build 'warproject #38'
2018-08-22 01:35:55,715 [art-exec-6] [INFO ] (o.a.s.a.ArchiveIndexerImpl:145) - Indexing archive: libs-snapshot-local:com/devops/Demo2/1.0-SNAPSHOT/Demo2-1.0-20180821.200500-1.war
2018-08-22 01:40:11,671 [http-nio-8040-exec-9] [INFO ] (o.a.e.UploadServiceImpl:360) - Deploy to 'libs-snapshot-local:com/devops/Demo2/1.0-SNAPSHOT/Demo2-1.0-SNAPSHOT.war' Content-Length: 2079
2018-08-22 01:40:11,880 [http-nio-8040-exec-3] [INFO ] (o.a.r.r.c.BuildResource:317) - Adding build 'warproject #39'
2018-08-22 01:40:11,985 [http-nio-8040-exec-3] [INFO ] (o.a.r.r.c.BuildResource:346) - Added build 'warproject #39'
2018-08-22 01:40:55,715 [art-exec-1] [INFO ] (o.a.s.a.ArchiveIndexerImpl:145) - Indexing archive: libs-snapshot-local:com/devops/Demo2/1.0-SNAPSHOT/Demo2-1.0-20180821.201000-1.war
2018-08-22 01:45:11,341 [http-nio-8040-exec-5] [INFO ] (o.a.e.UploadServiceImpl:360) - Deploy to 'libs-snapshot-local:com/devops/Demo2/1.0-SNAPSHOT/Demo2-1.0-SNAPSHOT.war' Content-Length: 2079
2018-08-22 01:45:11,547 [http-nio-8040-exec-11] [INFO ] (o.a.r.r.c.BuildResource:317) - Adding build 'warproject #40'
2018-08-22 01:45:11,626 [http-nio-8040-exec-11] [INFO ] (o.a.r.r.c.BuildResource:346) - Added build 'warproject #40'
2018-08-22 01:45:55,714 [art-exec-4] [INFO ] (o.a.s.a.ArchiveIndexerImpl:145) - Indexing archive: libs-snapshot-local:com/devops/Demo2/1.0-SNAPSHOT/Demo2-1.0-20180821.201500-1.war
2018-08-22 01:50:13,270 [http-nio-8040-exec-10] [INFO ] (o.a.e.UploadServiceImpl:360) - Deploy to 'libs-snapshot-local:com/devops/Demo2/1.0-SNAPSHOT/Demo2-1.0-SNAPSHOT.war' Content-Length: 2079
2018-08-22 01:50:13,463 [http-nio-8040-exec-4] [INFO ] (o.a.r.r.c.BuildResource:317) - Adding build 'warproject #41'
2018-08-22 01:50:13,495 [http-nio-8040-exec-4] [INFO ] (o.a.r.r.c.BuildResource:346) - Added build 'warproject #41'
2018-08-22 01:50:55,714 [art-exec-2] [INFO ] (o.a.s.a.ArchiveIndexerImpl:145) - Indexing archive: libs-snapshot-local:com/devops/Demo2/1.0-SNAPSHOT/Demo2-1.0-20180821.202000-1.war
2018-08-22 01:55:11,510 [http-nio-8040-exec-11] [INFO ] (o.a.e.UploadServiceImpl:360) - Deploy to 'libs-snapshot-local:com/devops/Demo2/1.0-SNAPSHOT/Demo2-1.0-SNAPSHOT.war' Content-Length: 2079
2018-08-22 01:55:11,755 [http-nio-8040-exec-6] [INFO ] (o.a.r.r.c.BuildResource:317) - Adding build 'warproject #42'
2018-08-22 01:55:11,774 [http-nio-8040-exec-6] [INFO ] (o.a.r.r.c.BuildResource:346) - Added build 'warproject #42'
2018-08-22 01:55:55,714 [art-exec-8] [INFO ] (o.a.s.a.ArchiveIndexerImpl:145) - Indexing archive: libs-snapshot-local:com/devops/Demo2/1.0-SNAPSHOT/Demo2-1.0-20180821.202500-1.war
2018-08-22 02:00:01,104 [art-exec-1] [INFO ] (o.a.s.ArtifactoryApplicationContext:616) - Beginning full system export...
2018-08-22 02:00:01,110 [art-exec-1] [INFO ] (o.a.s.ArtifactoryApplicationContext:643) - Creating temp export directory: /var/opt/jfrog/artifactory/backup/backup-daily/current
2018-08-22 02:00:01,140 [art-exec-1] [INFO ] (o.a.s.ArtifactoryApplicationContext:650) - Using backup directory: '/var/opt/jfrog/artifactory/backup/backup-daily/current'.
2018-08-22 02:00:01,146 [art-exec-1] [INFO ] (o.a.c.CentralConfigServiceImpl:564) - Exporting config...
2018-08-22 02:00:02,426 [art-exec-1] [INFO ] (o.a.s.a.AccessServiceImpl:1106) - Exporting serviceId to file
2018-08-22 02:00:02,530 [art-exec-1] [INFO ] (o.a.s.a.AccessServiceImpl:1090) - Triggering export in access server...
2018-08-22 02:00:05,036 [http-nio-8040-exec-7] [JFrog-Access] [INFO ] (o.j.a.s.s.b.AccessImporterExporterImpl:63) - Exporting groups...
2018-08-22 02:00:05,819 [http-nio-8040-exec-7] [JFrog-Access] [INFO ] (o.j.a.s.s.b.AccessImporterExporterImpl:63) - Exporting federation_events...
2018-08-22 02:00:06,393 [http-nio-8040-exec-7] [JFrog-Access] [INFO ] (o.j.a.s.s.b.AccessImporterExporterImpl:63) - Exporting tokens...
2018-08-22 02:00:06,604 [http-nio-8040-exec-7] [JFrog-Access] [INFO ] (o.j.a.s.s.b.AccessImporterExporterImpl:63) - Exporting federation_servers...
2018-08-22 02:00:07,078 [http-nio-8040-exec-7] [JFrog-Access] [INFO ] (o.j.a.s.s.b.AccessImporterExporterImpl:63) - Exporting permissions...
2018-08-22 02:00:07,888 [http-nio-8040-exec-7] [JFrog-Access] [INFO ] (o.j.a.s.s.b.AccessImporterExporterImpl:63) - Exporting servers...
2018-08-22 02:00:08,040 [http-nio-8040-exec-7] [JFrog-Access] [INFO ] (o.j.a.s.s.b.AccessImporterExporterImpl:63) - Exporting users...
2018-08-22 02:00:08,202 [http-nio-8040-exec-7] [JFrog-Access] [INFO ] (o.j.a.s.s.b.AccessImporterExporterImpl:63) - Exporting config...
2018-08-22 02:00:08,633 [http-nio-8040-exec-7] [JFrog-Access] [INFO ] (o.j.a.s.s.b.AccessImporterExporterImpl:63) - Exporting encryption...
2018-08-22 02:00:08,708 [http-nio-8040-exec-7] [JFrog-Access] [INFO ] (o.j.a.s.s.b.AccessImporterExporterImpl:63) - Exporting home...
2018-08-22 02:00:09,147 [art-exec-1] [INFO ] (o.a.s.ArtifactoryApplicationContext:838) - Note: the etc exported folder has excessive permissions. Be careful with the files.
2018-08-22 02:00:09,213 [art-exec-1] [INFO ] (o.a.s.ArtifactoryApplicationContext:990) - Exporting build info...
2018-08-22 02:00:10,523 [art-exec-1] [INFO ] (o.a.r.s.RepositoryServiceImpl:809) - Exporting repositories...
2018-08-22 02:00:11,288 [art-exec-1] [INFO ] (o.a.r.d.i.DbRepoExportHandler:75) - generic-local export started with 1 nodes to: '/var/opt/jfrog/artifactory/backup/backup-daily/current/repositories/generic-local'
2018-08-22 02:00:11,616 [art-exec-1] [INFO ] (o.a.r.d.i.DbRepoExportHandler:85) - generic-local export finished with: 1 Items exported (0 files and 1 folders), 0 Item skipped: (0 files and 0 folders).Duration: 587.88 millis IPS: 1.7 Target: '/var/opt/jfrog/artifactory/backup/backup-daily/current/repositories/generic-local'
2018-08-22 02:00:11,617 [art-exec-1] [INFO ] (o.a.r.d.i.DbRepoExportHandler:75) - gradle-dev-local export started with 1 nodes to: '/var/opt/jfrog/artifactory/backup/backup-daily/current/repositories/gradle-dev-local'
2018-08-22 02:00:11,625 [art-exec-1] [INFO ] (o.a.r.d.i.DbRepoExportHandler:85) - gradle-dev-local export finished with: 1 Items exported (0 files and 1 folders), 0 Item skipped: (0 files and 0 folders).Duration: 7.85 millis IPS: 127.32 Target: '/var/opt/jfrog/artifactory/backup/backup-daily/current/repositories/gradle-dev-local'
2018-08-22 02:00:11,625 [art-exec-1] [INFO ] (o.a.r.d.i.DbRepoExportHandler:75) - gradle-release-local export started with 1 nodes to: '/var/opt/jfrog/artifactory/backup/backup-daily/current/repositories/gradle-release-local'
2018-08-22 02:00:11,639 [art-exec-1] [INFO ] (o.a.r.d.i.DbRepoExportHandler:85) - gradle-release-local export finished with: 1 Items exported (0 files and 1 folders), 0 Item skipped: (0 files and 0 folders).Duration: 14.07 millis IPS: 71.09 Target: '/var/opt/jfrog/artifactory/backup/backup-daily/current/repositories/gradle-release-local'
2018-08-22 02:00:11,640 [art-exec-1] [INFO ] (o.a.r.d.i.DbRepoExportHandler:75) - libs-release-local export started with 1 nodes to: '/var/opt/jfrog/artifactory/backup/backup-daily/current/repositories/libs-release-local'
2018-08-22 02:00:11,664 [art-exec-1] [INFO ] (o.a.r.d.i.DbRepoExportHandler:85) - libs-release-local export finished with: 1 Items exported (0 files and 1 folders), 0 Item skipped: (0 files and 0 folders).Duration: 23.92 millis IPS: 41.81 Target: '/var/opt/jfrog/artifactory/backup/backup-daily/current/repositories/libs-release-local'
2018-08-22 02:00:11,665 [art-exec-1] [INFO ] (o.a.r.d.i.DbRepoExportHandler:75) - libs-snapshot-local export started with 46 nodes to: '/var/opt/jfrog/artifactory/backup/backup-daily/current/repositories/libs-snapshot-local'
2018-08-22 02:00:12,618 [art-exec-1] [INFO ] (o.a.r.d.i.DbRepoExportHandler:85) - libs-snapshot-local export finished with: 46 Items exported (41 files and 5 folders), 0 Item skipped: (0 files and 0 folders).Duration: 953.15 millis IPS: 48.26 Target: '/var/opt/jfrog/artifactory/backup/backup-daily/current/repositories/libs-snapshot-local'
2018-08-22 02:00:12,619 [art-exec-1] [INFO ] (o.a.r.d.i.DbRepoExportHandler:75) - jcenter-cache export started with 1 nodes to: '/var/opt/jfrog/artifactory/backup/backup-daily/current/repositories/jcenter-cache'
2018-08-22 02:00:12,672 [art-exec-1] [INFO ] (o.a.r.d.i.DbRepoExportHandler:85) - jcenter-cache export finished with: 1 Items exported (0 files and 1 folders), 0 Item skipped: (0 files and 0 folders).Duration: 53.55 millis IPS: 18.67 Target: '/var/opt/jfrog/artifactory/backup/backup-daily/current/repositories/jcenter-cache'
2018-08-22 02:00:12,714 [art-exec-1] [INFO ] (o.a.s.ArtifactoryApplicationContext:740) - Full system export completed successfully.
2018-08-22 02:00:15,039 [http-nio-8040-exec-5] [INFO ] (o.a.e.UploadServiceImpl:360) - Deploy to 'libs-snapshot-local:com/devops/Demo2/1.0-SNAPSHOT/Demo2-1.0-SNAPSHOT.war' Content-Length: 2079
2018-08-22 02:00:15,317 [http-nio-8040-exec-2] [INFO ] (o.a.r.r.c.BuildResource:317) - Adding build 'warproject #43'
2018-08-22 02:00:15,362 [http-nio-8040-exec-2] [INFO ] (o.a.r.r.c.BuildResource:346) - Added build 'warproject #43'
2018-08-22 02:00:55,716 [art-exec-1] [INFO ] (o.a.s.a.ArchiveIndexerImpl:145) - Indexing archive: libs-snapshot-local:com/devops/Demo2/1.0-SNAPSHOT/Demo2-1.0-20180821.203000-1.war
2018-08-22 02:05:13,602 [http-nio-8040-exec-10] [INFO ] (o.a.e.UploadServiceImpl:360) - Deploy to 'libs-snapshot-local:com/devops/Demo2/1.0-SNAPSHOT/Demo2-1.0-SNAPSHOT.war' Content-Length: 2079
2018-08-22 02:05:13,770 [http-nio-8040-exec-5] [INFO ] (o.a.r.r.c.BuildResource:317) - Adding build 'warproject #44'
2018-08-22 02:05:13,786 [http-nio-8040-exec-5] [INFO ] (o.a.r.r.c.BuildResource:346) - Added build 'warproject #44'
2018-08-22 02:05:55,715 [art-exec-3] [INFO ] (o.a.s.a.ArchiveIndexerImpl:145) - Indexing archive: libs-snapshot-local:com/devops/Demo2/1.0-SNAPSHOT/Demo2-1.0-20180821.203500-1.war
2018-08-22 02:10:11,783 [http-nio-8040-exec-9] [INFO ] (o.a.e.UploadServiceImpl:360) - Deploy to 'libs-snapshot-local:com/devops/Demo2/1.0-SNAPSHOT/Demo2-1.0-SNAPSHOT.war' Content-Length: 2078
2018-08-22 02:10:11,987 [http-nio-8040-exec-6] [INFO ] (o.a.r.r.c.BuildResource:317) - Adding build 'warproject #45'
2018-08-22 02:10:12,010 [http-nio-8040-exec-6] [INFO ] (o.a.r.r.c.BuildResource:346) - Added build 'warproject #45'
2018-08-22 02:10:55,714 [art-exec-6] [INFO ] (o.a.s.a.ArchiveIndexerImpl:145) - Indexing archive: libs-snapshot-local:com/devops/Demo2/1.0-SNAPSHOT/Demo2-1.0-20180821.204000-1.war
2018-08-22 02:15:12,071 [http-nio-8040-exec-5] [INFO ] (o.a.e.UploadServiceImpl:360) - Deploy to 'libs-snapshot-local:com/devops/Demo2/1.0-SNAPSHOT/Demo2-1.0-SNAPSHOT.war' Content-Length: 2079
2018-08-22 02:15:12,327 [http-nio-8040-exec-3] [INFO ] (o.a.r.r.c.BuildResource:317) - Adding build 'warproject #46'
2018-08-22 02:15:12,363 [http-nio-8040-exec-3] [INFO ] (o.a.r.r.c.BuildResource:346) - Added build 'warproject #46'
2018-08-22 02:15:55,715 [art-exec-8] [INFO ] (o.a.s.a.ArchiveIndexerImpl:145) - Indexing archive: libs-snapshot-local:com/devops/Demo2/1.0-SNAPSHOT/Demo2-1.0-20180821.204500-1.war
2018-08-22 02:20:12,391 [http-nio-8040-exec-7] [INFO ] (o.a.e.UploadServiceImpl:360) - Deploy to 'libs-snapshot-local:com/devops/Demo2/1.0-SNAPSHOT/Demo2-1.0-SNAPSHOT.war' Content-Length: 2079
2018-08-22 02:20:12,551 [http-nio-8040-exec-9] [INFO ] (o.a.r.r.c.BuildResource:317) - Adding build 'warproject #47'
2018-08-22 02:20:12,567 [http-nio-8040-exec-9] [INFO ] (o.a.r.r.c.BuildResource:346) - Added build 'warproject #47'
2018-08-22 02:20:55,715 [art-exec-3] [INFO ] (o.a.s.a.ArchiveIndexerImpl:145) - Indexing archive: libs-snapshot-local:com/devops/Demo2/1.0-SNAPSHOT/Demo2-1.0-20180821.205000-1.war
2018-08-22 02:25:12,365 [http-nio-8040-exec-10] [INFO ] (o.a.e.UploadServiceImpl:360) - Deploy to 'libs-snapshot-local:com/devops/Demo2/1.0-SNAPSHOT/Demo2-1.0-SNAPSHOT.war' Content-Length: 2079
2018-08-22 02:25:12,640 [http-nio-8040-exec-5] [INFO ] (o.a.r.r.c.BuildResource:317) - Adding build 'warproject #48'
2018-08-22 02:25:12,666 [http-nio-8040-exec-5] [INFO ] (o.a.r.r.c.BuildResource:346) - Added build 'warproject #48'
2018-08-22 02:25:55,715 [art-exec-2] [INFO ] (o.a.s.a.ArchiveIndexerImpl:145) - Indexing archive: libs-snapshot-local:com/devops/Demo2/1.0-SNAPSHOT/Demo2-1.0-20180821.205500-1.war
2018-08-22 02:30:12,925 [http-nio-8040-exec-2] [INFO ] (o.a.e.UploadServiceImpl:360) - Deploy to 'libs-snapshot-local:com/devops/Demo2/1.0-SNAPSHOT/Demo2-1.0-SNAPSHOT.war' Content-Length: 2079
2018-08-22 02:30:13,451 [http-nio-8040-exec-7] [INFO ] (o.a.r.r.c.BuildResource:317) - Adding build 'warproject #49'
2018-08-22 02:30:13,486 [http-nio-8040-exec-7] [INFO ] (o.a.r.r.c.BuildResource:346) - Added build 'warproject #49'
2018-08-22 02:30:55,714 [art-exec-7] [INFO ] (o.a.s.a.ArchiveIndexerImpl:145) - Indexing archive: libs-snapshot-local:com/devops/Demo2/1.0-SNAPSHOT/Demo2-1.0-20180821.210000-1.war
2018-08-22 02:35:11,199 [http-nio-8040-exec-11] [INFO ] (o.a.e.UploadServiceImpl:360) - Deploy to 'libs-snapshot-local:com/devops/Demo2/1.0-SNAPSHOT/Demo2-1.0-SNAPSHOT.war' Content-Length: 2079
2018-08-22 02:35:11,362 [http-nio-8040-exec-10] [INFO ] (o.a.r.r.c.BuildResource:317) - Adding build 'warproject #50'
2018-08-22 02:35:11,392 [http-nio-8040-exec-10] [INFO ] (o.a.r.r.c.BuildResource:346) - Added build 'warproject #50'
2018-08-22 02:35:55,715 [art-exec-3] [INFO ] (o.a.s.a.ArchiveIndexerImpl:145) - Indexing archive: libs-snapshot-local:com/devops/Demo2/1.0-SNAPSHOT/Demo2-1.0-20180821.210500-1.war
2018-08-22 02:40:11,782 [http-nio-8040-exec-6] [INFO ] (o.a.e.UploadServiceImpl:360) - Deploy to 'libs-snapshot-local:com/devops/Demo2/1.0-SNAPSHOT/Demo2-1.0-SNAPSHOT.war' Content-Length: 2079
2018-08-22 02:40:11,970 [http-nio-8040-exec-9] [INFO ] (o.a.r.r.c.BuildResource:317) - Adding build 'warproject #51'
2018-08-22 02:40:11,993 [http-nio-8040-exec-9] [INFO ] (o.a.r.r.c.BuildResource:346) - Added build 'warproject #51'
2018-08-22 02:40:55,714 [art-exec-5] [INFO ] (o.a.s.a.ArchiveIndexerImpl:145) - Indexing archive: libs-snapshot-local:com/devops/Demo2/1.0-SNAPSHOT/Demo2-1.0-20180821.211000-1.war
2018-08-22 02:45:11,398 [http-nio-8040-exec-10] [INFO ] (o.a.e.UploadServiceImpl:360) - Deploy to 'libs-snapshot-local:com/devops/Demo2/1.0-SNAPSHOT/Demo2-1.0-SNAPSHOT.war' Content-Length: 2079
2018-08-22 02:45:11,649 [http-nio-8040-exec-1] [INFO ] (o.a.r.r.c.BuildResource:317) - Adding build 'warproject #52'
2018-08-22 02:45:11,808 [http-nio-8040-exec-1] [INFO ] (o.a.r.r.c.BuildResource:346) - Added build 'warproject #52'
2018-08-22 02:45:55,720 [art-exec-4] [INFO ] (o.a.s.a.ArchiveIndexerImpl:145) - Indexing archive: libs-snapshot-local:com/devops/Demo2/1.0-SNAPSHOT/Demo2-1.0-20180821.211500-1.war
2018-08-22 02:50:11,884 [http-nio-8040-exec-11] [INFO ] (o.a.e.UploadServiceImpl:360) - Deploy to 'libs-snapshot-local:com/devops/Demo2/1.0-SNAPSHOT/Demo2-1.0-SNAPSHOT.war' Content-Length: 2079
2018-08-22 02:50:12,055 [http-nio-8040-exec-4] [INFO ] (o.a.r.r.c.BuildResource:317) - Adding build 'warproject #53'
2018-08-22 02:50:12,111 [http-nio-8040-exec-4] [INFO ] (o.a.r.r.c.BuildResource:346) - Added build 'warproject #53'
2018-08-22 02:50:55,715 [art-exec-7] [INFO ] (o.a.s.a.ArchiveIndexerImpl:145) - Indexing archive: libs-snapshot-local:com/devops/Demo2/1.0-SNAPSHOT/Demo2-1.0-20180821.212000-1.war
2018-08-22 02:55:11,721 [http-nio-8040-exec-1] [INFO ] (o.a.e.UploadServiceImpl:360) - Deploy to 'libs-snapshot-local:com/devops/Demo2/1.0-SNAPSHOT/Demo2-1.0-SNAPSHOT.war' Content-Length: 2079
2018-08-22 02:55:12,049 [http-nio-8040-exec-2] [INFO ] (o.a.r.r.c.BuildResource:317) - Adding build 'warproject #54'
2018-08-22 02:55:12,076 [http-nio-8040-exec-2] [INFO ] (o.a.r.r.c.BuildResource:346) - Added build 'warproject #54'
2018-08-22 02:55:55,715 [art-exec-5] [INFO ] (o.a.s.a.ArchiveIndexerImpl:145) - Indexing archive: libs-snapshot-local:com/devops/Demo2/1.0-SNAPSHOT/Demo2-1.0-20180821.212500-1.war
2018-08-22 03:00:12,130 [http-nio-8040-exec-7] [INFO ] (o.a.e.UploadServiceImpl:360) - Deploy to 'libs-snapshot-local:com/devops/Demo2/1.0-SNAPSHOT/Demo2-1.0-SNAPSHOT.war' Content-Length: 2079
2018-08-22 03:00:13,133 [http-nio-8040-exec-11] [INFO ] (o.a.r.r.c.BuildResource:317) - Adding build 'warproject #55'
2018-08-22 03:00:13,181 [http-nio-8040-exec-11] [INFO ] (o.a.r.r.c.BuildResource:346) - Added build 'warproject #55'
2018-08-22 03:00:55,715 [art-exec-1] [INFO ] (o.a.s.a.ArchiveIndexerImpl:145) - Indexing archive: libs-snapshot-local:com/devops/Demo2/1.0-SNAPSHOT/Demo2-1.0-20180821.213000-1.war
2018-08-22 03:05:11,833 [http-nio-8040-exec-10] [INFO ] (o.a.e.UploadServiceImpl:360) - Deploy to 'libs-snapshot-local:com/devops/Demo2/1.0-SNAPSHOT/Demo2-1.0-SNAPSHOT.war' Content-Length: 2079
2018-08-22 03:05:11,991 [http-nio-8040-exec-1] [INFO ] (o.a.r.r.c.BuildResource:317) - Adding build 'warproject #56'
2018-08-22 03:05:12,051 [http-nio-8040-exec-1] [INFO ] (o.a.r.r.c.BuildResource:346) - Added build 'warproject #56'
2018-08-22 03:05:55,715 [art-exec-6] [INFO ] (o.a.s.a.ArchiveIndexerImpl:145) - Indexing archive: libs-snapshot-local:com/devops/Demo2/1.0-SNAPSHOT/Demo2-1.0-20180821.213500-1.war
2018-08-22 03:10:19,393 [http-nio-8040-exec-3] [INFO ] (o.a.e.UploadServiceImpl:360) - Deploy to 'libs-snapshot-local:com/devops/Demo2/1.0-SNAPSHOT/Demo2-1.0-SNAPSHOT.war' Content-Length: 2079
2018-08-22 03:10:19,752 [http-nio-8040-exec-7] [INFO ] (o.a.r.r.c.BuildResource:317) - Adding build 'warproject #57'
2018-08-22 03:10:19,889 [http-nio-8040-exec-7] [INFO ] (o.a.r.r.c.BuildResource:346) - Added build 'warproject #57'
2018-08-22 03:10:55,715 [art-exec-3] [INFO ] (o.a.s.a.ArchiveIndexerImpl:145) - Indexing archive: libs-snapshot-local:com/devops/Demo2/1.0-SNAPSHOT/Demo2-1.0-20180821.214000-1.war
